<?xml version="1.0" encoding="UTF-8"?>
<testsuite xmlns:xsi="http://www.w3.org/2001/XMLSchema-instance" xsi:noNamespaceSchemaLocation="https://maven.apache.org/surefire/maven-surefire-plugin/xsd/surefire-test-report.xsd" name="Login functionality feature #1" time="109.607" tests="6" errors="0" skipped="0" failures="0">
  <properties>
[...]
</properties>
  <testcase name="Login Successful #1" classname="Login functionality feature #1" time="24.586"/>
  <testcase name="Login Successful #2" classname="Login functionality feature #1" time="19.008"/>
  <testcase name="Login Successful #3" classname="Login functionality feature #1" time="16.566"/>
  <testcase name="Login Successful using DataTable" classname="Login functionality feature #1" time="18.306"/>
  <testcase name="Login Successful using Dependency Injection #1" classname="Login functionality feature #1" time="15.996"/>
  <testcase name="Login Successful using Dependency Injection #2" classname="Login functionality feature #1" time="15.145"/>
</testsuite>